<?xml version="1.0" encoding="UTF-8"?>
<testsuites name="1 st run" time="79" tests="0" failures="2" errors="0">
   <testsuite name="1 st run" tests="0" failures="2" errors="0" time="79" timestamp="2018-07-24 17:50:45" hostname="slk - WSLK1FFTRFW-15.SLKSOFT.COM" id="Test Suites/1 st run">
      <properties>
         <property name="deviceName" value=""/>
         <property name="devicePlatform" value=""/>
         <property name="logFolder" value="C:\\Users\\slk.WSLK1FFTRFW-15.004\\Katalon Studio\\OrangeHRM\\Reports\\1 st run\\20180724_175042"/>
         <property name="logFiles" value="C:\\Users\\slk.WSLK1FFTRFW-15.004\\Katalon Studio\\OrangeHRM\\Reports\\1 st run\\20180724_175042\\execution0.log"/>
         <property name="attachments" value="C:\\Users\\slk.WSLK1FFTRFW-15.004\\Katalon Studio\\OrangeHRM\\Reports\\1 st run\\20180724_175042\\1532434888766.png"/>
         <property name="hostName" value="slk - WSLK1FFTRFW-15.SLKSOFT.COM"/>
         <property name="os" value="Windows 7 64bit"/>
         <property name="katalonVersion" value="5.5.0.1"/>
         <property name="browser" value="Chrome 67.0.3396.99"/>
         <property name="hostAddress" value="10.41.7.77"/>
         <property name="sessionId" value="c3e9a765ab9836ab68dcd47122860712"/>
         <property name="seleniumVersion" value="3.7.1"/>
         <property name="proxyInformation" value="ProxyInformation{proxyOption=NO_PROXY, proxyServerType=HTTP, password=, proxyServerAddress=, proxyServerPort=0}"/>
         <property name="platform" value="Windows 7"/>
      </properties>
      <testcase name="Test Cases/LoginPage" classname="Test Cases/LoginPage" status="FAILED">
         <failure type="FAILED" message="Unable to click on object 'Object Repository/Page_OrangeHRM/a_Welcome Admin' (Root cause: com.kms.katalon.core.webui.exception.WebElementNotFoundException: Web element with id: 'Object Repository/Page_OrangeHRM/a_Welcome Admin' located by 'By.xpath: //a[@href = '#' and @id = 'welcome' and (text() = 'Welcome Admin' or . = 'Welcome Admin')]' not found)"/>
         <system-out><![CDATA[2018-07-24 17:50:45 - [TEST_CASE][FAILED] - Test Cases/LoginPage: Test Cases/LoginPage FAILED because (of) Unable to click on object 'Object Repository/Page_OrangeHRM/a_Welcome Admin' (Root cause: com.kms.katalon.core.webui.exception.WebElementNotFoundException: Web element with id: 'Object Repository/Page_OrangeHRM/a_Welcome Admin' located by 'By.xpath: //a[@href = '#' and @id = 'welcome' and (text() = 'Welcome Admin' or . = 'Welcome Admin')]' not found)

2018-07-24 17:50:46 - [TEST_STEP][PASSED] - openBrowser: Browser is opened with url: ''

2018-07-24 17:50:50 - [MESSAGE][PASSED] - Browser is opened with url: ''

2018-07-24 17:50:50 - [TEST_STEP][PASSED] - navigateToUrl: Navigate to 'https://opensource-demo.orangehrmlive.com/' successfully

2018-07-24 17:50:55 - [MESSAGE][PASSED] - Navigate to 'https://opensource-demo.orangehrmlive.com/' successfully

2018-07-24 17:50:55 - [TEST_STEP][PASSED] - click: Object: 'Object Repository/Page_OrangeHRM/span_Username' is clicked on

2018-07-24 17:50:55 - [MESSAGE][PASSED] - Object: 'Object Repository/Page_OrangeHRM/span_Username' is clicked on

2018-07-24 17:50:55 - [TEST_STEP][PASSED] - setText: Text 'Admin' is set on object 'Object Repository/Page_OrangeHRM/input_txtUsername'

2018-07-24 17:50:55 - [MESSAGE][PASSED] - Text 'Admin' is set on object 'Object Repository/Page_OrangeHRM/input_txtUsername'

2018-07-24 17:50:55 - [TEST_STEP][PASSED] - setEncryptedText: Text ****** has been set on object 'Object Repository/Page_OrangeHRM/input_txtPassword'

2018-07-24 17:50:55 - [MESSAGE][PASSED] - Text ****** has been set on object 'Object Repository/Page_OrangeHRM/input_txtPassword'

2018-07-24 17:50:55 - [TEST_STEP][PASSED] - click: Object: 'Object Repository/Page_OrangeHRM/input_Submit' is clicked on

2018-07-24 17:50:57 - [MESSAGE][PASSED] - Object: 'Object Repository/Page_OrangeHRM/input_Submit' is clicked on

2018-07-24 17:50:57 - [TEST_STEP][FAILED] - click: Unable to click on object 'Object Repository/Page_OrangeHRM/a_Welcome Admin' (Root cause: com.kms.katalon.core.webui.exception.WebElementNotFoundException: Web element with id: 'Object Repository/Page_OrangeHRM/a_Welcome Admin' located by 'By.xpath: //a[@href = '#' and @id = 'welcome' and (text() = 'Welcome Admin' or . = 'Welcome Admin')]' not found)

2018-07-24 17:51:29 - [MESSAGE][FAILED] - Unable to click on object 'Object Repository/Page_OrangeHRM/a_Welcome Admin' (Root cause: com.kms.katalon.core.webui.exception.WebElementNotFoundException: Web element with id: 'Object Repository/Page_OrangeHRM/a_Welcome Admin' located by 'By.xpath: //a[@href = '#' and @id = 'welcome' and (text() = 'Welcome Admin' or . = 'Welcome Admin')]' not found)
[[ATTACHMENT|C:\\Users\\slk.WSLK1FFTRFW-15.004\\Katalon Studio\\OrangeHRM\\Reports\\1 st run\\20180724_175042\\1532434888766.png]]]]></system-out>
         <system-err><![CDATA[2018-07-24 17:50:45 - [TEST_CASE][FAILED] - Test Cases/LoginPage: Test Cases/LoginPage FAILED because (of) Unable to click on object 'Object Repository/Page_OrangeHRM/a_Welcome Admin' (Root cause: com.kms.katalon.core.webui.exception.WebElementNotFoundException: Web element with id: 'Object Repository/Page_OrangeHRM/a_Welcome Admin' located by 'By.xpath: //a[@href = '#' and @id = 'welcome' and (text() = 'Welcome Admin' or . = 'Welcome Admin')]' not found)]]></system-err>
      </testcase>
      <testcase name="Test Cases/Homepage" classname="Test Cases/Homepage" status="FAILED">
         <failure type="FAILED" message="Unable to click on object 'Object Repository/Page_OrangeHRM/a_Welcome Admin' (Root cause: org.openqa.selenium.WebDriverException: chrome not reachable
  (Session info: chrome=67.0.3396.99)
  (Driver info: chromedriver=2.35.528161 (5b82f2d2aae0ca24b877009200ced9065a772e73),platform=Windows NT 6.1.7601 SP1 x86_64) (WARNING: The server did not provide any stacktrace information)
Command duration or timeout: 0 milliseconds
Build info: version: '3.7.1', revision: '8a0099a', time: '2017-11-06T21:07:36.161Z'
System info: host: 'WSLK1FFTRFW-15', ip: '10.41.7.77', os.name: 'Windows 7', os.arch: 'amd64', os.version: '6.1', java.version: '1.8.0_102'
Driver info: com.kms.katalon.selenium.driver.CChromeDriver
Capabilities {acceptInsecureCerts: false, acceptSslCerts: false, applicationCacheEnabled: false, browserConnectionEnabled: false, browserName: chrome, chrome: {chromedriverVersion: 2.35.528161 (5b82f2d2aae0ca..., userDataDir: C:\Users\SLKWSL~1.004\AppDa...}, cssSelectorsEnabled: true, databaseEnabled: false, handlesAlerts: true, hasTouchScreen: false, javascriptEnabled: true, locationContextEnabled: true, mobileEmulationEnabled: false, nativeEvents: true, networkConnectionEnabled: false, pageLoadStrategy: normal, platform: XP, platformName: XP, rotatable: false, setWindowRect: true, takesHeapSnapshot: true, takesScreenshot: true, unexpectedAlertBehaviour: , unhandledPromptBehavior: , version: 67.0.3396.99, webStorageEnabled: true}
Session ID: c3e9a765ab9836ab68dcd47122860712
*** Element info: {Using=xpath, value=//a[@href = '#' and @id = 'welcome' and (text() = 'Welcome Admin' or . = 'Welcome Admin')]})"/>
         <system-out><![CDATA[2018-07-24 17:51:29 - [TEST_CASE][FAILED] - Test Cases/Homepage: Test Cases/Homepage FAILED because (of) Unable to click on object 'Object Repository/Page_OrangeHRM/a_Welcome Admin' (Root cause: org.openqa.selenium.WebDriverException: chrome not reachable
  (Session info: chrome=67.0.3396.99)
  (Driver info: chromedriver=2.35.528161 (5b82f2d2aae0ca24b877009200ced9065a772e73),platform=Windows NT 6.1.7601 SP1 x86_64) (WARNING: The server did not provide any stacktrace information)
Command duration or timeout: 0 milliseconds
Build info: version: '3.7.1', revision: '8a0099a', time: '2017-11-06T21:07:36.161Z'
System info: host: 'WSLK1FFTRFW-15', ip: '10.41.7.77', os.name: 'Windows 7', os.arch: 'amd64', os.version: '6.1', java.version: '1.8.0_102'
Driver info: com.kms.katalon.selenium.driver.CChromeDriver
Capabilities {acceptInsecureCerts: false, acceptSslCerts: false, applicationCacheEnabled: false, browserConnectionEnabled: false, browserName: chrome, chrome: {chromedriverVersion: 2.35.528161 (5b82f2d2aae0ca..., userDataDir: C:\Users\SLKWSL~1.004\AppDa...}, cssSelectorsEnabled: true, databaseEnabled: false, handlesAlerts: true, hasTouchScreen: false, javascriptEnabled: true, locationContextEnabled: true, mobileEmulationEnabled: false, nativeEvents: true, networkConnectionEnabled: false, pageLoadStrategy: normal, platform: XP, platformName: XP, rotatable: false, setWindowRect: true, takesHeapSnapshot: true, takesScreenshot: true, unexpectedAlertBehaviour: , unhandledPromptBehavior: , version: 67.0.3396.99, webStorageEnabled: true}
Session ID: c3e9a765ab9836ab68dcd47122860712
*** Element info: {Using=xpath, value=//a[@href = '#' and @id = 'welcome' and (text() = 'Welcome Admin' or . = 'Welcome Admin')]})

2018-07-24 17:51:29 - [TEST_STEP][PASSED] - openBrowser: Browser is opened with url: ''

2018-07-24 17:51:29 - [MESSAGE][WARNING] - A browser is already opened. Closing browser and opening a new one

2018-07-24 17:51:31 - [MESSAGE][PASSED] - Browser is opened with url: ''

2018-07-24 17:51:31 - [TEST_STEP][PASSED] - navigateToUrl: Navigate to 'https://opensource-demo.orangehrmlive.com/' successfully

2018-07-24 17:51:36 - [MESSAGE][PASSED] - Navigate to 'https://opensource-demo.orangehrmlive.com/' successfully

2018-07-24 17:51:36 - [TEST_STEP][PASSED] - click: Object: 'Object Repository/Homepage/Page_OrangeHRM/span_Username' is clicked on

2018-07-24 17:51:36 - [MESSAGE][PASSED] - Object: 'Object Repository/Homepage/Page_OrangeHRM/span_Username' is clicked on

2018-07-24 17:51:36 - [TEST_STEP][FAILED] - callTestCase: Unable to call Test Case with id 'Test Cases/LoginPage' (Root cause: Call Test Case 'Test Cases/LoginPage' failed)

2018-07-24 17:51:36 - [TEST_CASE][FAILED] - Test Cases/LoginPage: Test Cases/LoginPage FAILED because (of) Unable to click on object 'Object Repository/Page_OrangeHRM/a_Welcome Admin' (Root cause: org.openqa.selenium.WebDriverException: chrome not reachable
  (Session info: chrome=67.0.3396.99)
  (Driver info: chromedriver=2.35.528161 (5b82f2d2aae0ca24b877009200ced9065a772e73),platform=Windows NT 6.1.7601 SP1 x86_64) (WARNING: The server did not provide any stacktrace information)
Command duration or timeout: 0 milliseconds
Build info: version: '3.7.1', revision: '8a0099a', time: '2017-11-06T21:07:36.161Z'
System info: host: 'WSLK1FFTRFW-15', ip: '10.41.7.77', os.name: 'Windows 7', os.arch: 'amd64', os.version: '6.1', java.version: '1.8.0_102'
Driver info: com.kms.katalon.selenium.driver.CChromeDriver
Capabilities {acceptInsecureCerts: false, acceptSslCerts: false, applicationCacheEnabled: false, browserConnectionEnabled: false, browserName: chrome, chrome: {chromedriverVersion: 2.35.528161 (5b82f2d2aae0ca..., userDataDir: C:\Users\SLKWSL~1.004\AppDa...}, cssSelectorsEnabled: true, databaseEnabled: false, handlesAlerts: true, hasTouchScreen: false, javascriptEnabled: true, locationContextEnabled: true, mobileEmulationEnabled: false, nativeEvents: true, networkConnectionEnabled: false, pageLoadStrategy: normal, platform: XP, platformName: XP, rotatable: false, setWindowRect: true, takesHeapSnapshot: true, takesScreenshot: true, unexpectedAlertBehaviour: , unhandledPromptBehavior: , version: 67.0.3396.99, webStorageEnabled: true}
Session ID: c3e9a765ab9836ab68dcd47122860712
*** Element info: {Using=xpath, value=//a[@href = '#' and @id = 'welcome' and (text() = 'Welcome Admin' or . = 'Welcome Admin')]})

2018-07-24 17:51:36 - [TEST_STEP][PASSED] - openBrowser: Browser is opened with url: ''

2018-07-24 17:51:36 - [MESSAGE][WARNING] - A browser is already opened. Closing browser and opening a new one

2018-07-24 17:51:39 - [MESSAGE][PASSED] - Browser is opened with url: ''

2018-07-24 17:51:39 - [TEST_STEP][PASSED] - navigateToUrl: Navigate to 'https://opensource-demo.orangehrmlive.com/' successfully

2018-07-24 17:51:44 - [MESSAGE][PASSED] - Navigate to 'https://opensource-demo.orangehrmlive.com/' successfully

2018-07-24 17:51:44 - [TEST_STEP][PASSED] - click: Object: 'Object Repository/Page_OrangeHRM/span_Username' is clicked on

2018-07-24 17:51:44 - [MESSAGE][PASSED] - Object: 'Object Repository/Page_OrangeHRM/span_Username' is clicked on

2018-07-24 17:51:44 - [TEST_STEP][PASSED] - setText: Text 'Admin' is set on object 'Object Repository/Page_OrangeHRM/input_txtUsername'

2018-07-24 17:51:44 - [MESSAGE][PASSED] - Text 'Admin' is set on object 'Object Repository/Page_OrangeHRM/input_txtUsername'

2018-07-24 17:51:44 - [TEST_STEP][PASSED] - setEncryptedText: Text ****** has been set on object 'Object Repository/Page_OrangeHRM/input_txtPassword'

2018-07-24 17:51:44 - [MESSAGE][PASSED] - Text ****** has been set on object 'Object Repository/Page_OrangeHRM/input_txtPassword'

2018-07-24 17:51:44 - [TEST_STEP][PASSED] - click: Object: 'Object Repository/Page_OrangeHRM/input_Submit' is clicked on

2018-07-24 17:51:47 - [MESSAGE][PASSED] - Object: 'Object Repository/Page_OrangeHRM/input_Submit' is clicked on

2018-07-24 17:51:47 - [TEST_STEP][FAILED] - click: Unable to click on object 'Object Repository/Page_OrangeHRM/a_Welcome Admin' (Root cause: org.openqa.selenium.WebDriverException: chrome not reachable
  (Session info: chrome=67.0.3396.99)
  (Driver info: chromedriver=2.35.528161 (5b82f2d2aae0ca24b877009200ced9065a772e73),platform=Windows NT 6.1.7601 SP1 x86_64) (WARNING: The server did not provide any stacktrace information)
Command duration or timeout: 0 milliseconds
Build info: version: '3.7.1', revision: '8a0099a', time: '2017-11-06T21:07:36.161Z'
System info: host: 'WSLK1FFTRFW-15', ip: '10.41.7.77', os.name: 'Windows 7', os.arch: 'amd64', os.version: '6.1', java.version: '1.8.0_102'
Driver info: com.kms.katalon.selenium.driver.CChromeDriver
Capabilities {acceptInsecureCerts: false, acceptSslCerts: false, applicationCacheEnabled: false, browserConnectionEnabled: false, browserName: chrome, chrome: {chromedriverVersion: 2.35.528161 (5b82f2d2aae0ca..., userDataDir: C:\Users\SLKWSL~1.004\AppDa...}, cssSelectorsEnabled: true, databaseEnabled: false, handlesAlerts: true, hasTouchScreen: false, javascriptEnabled: true, locationContextEnabled: true, mobileEmulationEnabled: false, nativeEvents: true, networkConnectionEnabled: false, pageLoadStrategy: normal, platform: XP, platformName: XP, rotatable: false, setWindowRect: true, takesHeapSnapshot: true, takesScreenshot: true, unexpectedAlertBehaviour: , unhandledPromptBehavior: , version: 67.0.3396.99, webStorageEnabled: true}
Session ID: c3e9a765ab9836ab68dcd47122860712
*** Element info: {Using=xpath, value=//a[@href = '#' and @id = 'welcome' and (text() = 'Welcome Admin' or . = 'Welcome Admin')]})

2018-07-24 17:52:04 - [MESSAGE][WARNING] - Cannot take screenshot

2018-07-24 17:52:04 - [MESSAGE][FAILED] - Unable to click on object 'Object Repository/Page_OrangeHRM/a_Welcome Admin' (Root cause: org.openqa.selenium.WebDriverException: chrome not reachable
  (Session info: chrome=67.0.3396.99)
  (Driver info: chromedriver=2.35.528161 (5b82f2d2aae0ca24b877009200ced9065a772e73),platform=Windows NT 6.1.7601 SP1 x86_64) (WARNING: The server did not provide any stacktrace information)
Command duration or timeout: 0 milliseconds
Build info: version: '3.7.1', revision: '8a0099a', time: '2017-11-06T21:07:36.161Z'
System info: host: 'WSLK1FFTRFW-15', ip: '10.41.7.77', os.name: 'Windows 7', os.arch: 'amd64', os.version: '6.1', java.version: '1.8.0_102'
Driver info: com.kms.katalon.selenium.driver.CChromeDriver
Capabilities {acceptInsecureCerts: false, acceptSslCerts: false, applicationCacheEnabled: false, browserConnectionEnabled: false, browserName: chrome, chrome: {chromedriverVersion: 2.35.528161 (5b82f2d2aae0ca..., userDataDir: C:\Users\SLKWSL~1.004\AppDa...}, cssSelectorsEnabled: true, databaseEnabled: false, handlesAlerts: true, hasTouchScreen: false, javascriptEnabled: true, locationContextEnabled: true, mobileEmulationEnabled: false, nativeEvents: true, networkConnectionEnabled: false, pageLoadStrategy: normal, platform: XP, platformName: XP, rotatable: false, setWindowRect: true, takesHeapSnapshot: true, takesScreenshot: true, unexpectedAlertBehaviour: , unhandledPromptBehavior: , version: 67.0.3396.99, webStorageEnabled: true}
Session ID: c3e9a765ab9836ab68dcd47122860712
*** Element info: {Using=xpath, value=//a[@href = '#' and @id = 'welcome' and (text() = 'Welcome Admin' or . = 'Welcome Admin')]})

2018-07-24 17:52:04 - [MESSAGE][FAILED] - Unable to call Test Case with id 'Test Cases/LoginPage' (Root cause: Call Test Case 'Test Cases/LoginPage' failed)]]></system-out>
         <system-err><![CDATA[2018-07-24 17:51:29 - [TEST_CASE][FAILED] - Test Cases/Homepage: Test Cases/Homepage FAILED because (of) Unable to click on object 'Object Repository/Page_OrangeHRM/a_Welcome Admin' (Root cause: org.openqa.selenium.WebDriverException: chrome not reachable
  (Session info: chrome=67.0.3396.99)
  (Driver info: chromedriver=2.35.528161 (5b82f2d2aae0ca24b877009200ced9065a772e73),platform=Windows NT 6.1.7601 SP1 x86_64) (WARNING: The server did not provide any stacktrace information)
Command duration or timeout: 0 milliseconds
Build info: version: '3.7.1', revision: '8a0099a', time: '2017-11-06T21:07:36.161Z'
System info: host: 'WSLK1FFTRFW-15', ip: '10.41.7.77', os.name: 'Windows 7', os.arch: 'amd64', os.version: '6.1', java.version: '1.8.0_102'
Driver info: com.kms.katalon.selenium.driver.CChromeDriver
Capabilities {acceptInsecureCerts: false, acceptSslCerts: false, applicationCacheEnabled: false, browserConnectionEnabled: false, browserName: chrome, chrome: {chromedriverVersion: 2.35.528161 (5b82f2d2aae0ca..., userDataDir: C:\Users\SLKWSL~1.004\AppDa...}, cssSelectorsEnabled: true, databaseEnabled: false, handlesAlerts: true, hasTouchScreen: false, javascriptEnabled: true, locationContextEnabled: true, mobileEmulationEnabled: false, nativeEvents: true, networkConnectionEnabled: false, pageLoadStrategy: normal, platform: XP, platformName: XP, rotatable: false, setWindowRect: true, takesHeapSnapshot: true, takesScreenshot: true, unexpectedAlertBehaviour: , unhandledPromptBehavior: , version: 67.0.3396.99, webStorageEnabled: true}
Session ID: c3e9a765ab9836ab68dcd47122860712
*** Element info: {Using=xpath, value=//a[@href = '#' and @id = 'welcome' and (text() = 'Welcome Admin' or . = 'Welcome Admin')]})]]></system-err>
      </testcase>
      <system-out><![CDATA[2018-07-24 17:50:45 - [TEST_SUITE][FAILED] - 1 st run: Test Cases/LoginPage FAILED because (of) Unable to click on object 'Object Repository/Page_OrangeHRM/a_Welcome Admin' (Root cause: com.kms.katalon.core.webui.exception.WebElementNotFoundException: Web element with id: 'Object Repository/Page_OrangeHRM/a_Welcome Admin' located by 'By.xpath: //a[@href = '#' and @id = 'welcome' and (text() = 'Welcome Admin' or . = 'Welcome Admin')]' not found)]]></system-out>
      <system-err><![CDATA[2018-07-24 17:50:45 - [TEST_SUITE][FAILED] - 1 st run: Test Cases/LoginPage FAILED because (of) Unable to click on object 'Object Repository/Page_OrangeHRM/a_Welcome Admin' (Root cause: com.kms.katalon.core.webui.exception.WebElementNotFoundException: Web element with id: 'Object Repository/Page_OrangeHRM/a_Welcome Admin' located by 'By.xpath: //a[@href = '#' and @id = 'welcome' and (text() = 'Welcome Admin' or . = 'Welcome Admin')]' not found)]]></system-err>
   </testsuite>
</testsuites>
