<?xml version="1.0" encoding="UTF-8"?>
<testsuites name="1 st run" time="7" tests="0" failures="2" errors="0">
   <testsuite name="1 st run" tests="0" failures="2" errors="0" time="7" timestamp="2018-07-24 17:50:45" hostname="slk - WSLK1FFTRFW-15.SLKSOFT.COM" id="Test Suites/1 st run">
      <properties>
         <property name="deviceName" value=""/>
         <property name="devicePlatform" value=""/>
         <property name="logFolder" value="C:\\Users\\slk.WSLK1FFTRFW-15.004\\Katalon Studio\\OrangeHRM\\Reports\\1 st run\\20180724_175043"/>
         <property name="logFiles" value="C:\\Users\\slk.WSLK1FFTRFW-15.004\\Katalon Studio\\OrangeHRM\\Reports\\1 st run\\20180724_175043\\execution0.log, C:\\Users\\slk.WSLK1FFTRFW-15.004\\Katalon Studio\\OrangeHRM\\Reports\\1 st run\\20180724_175043\\IEDriverServer.log"/>
         <property name="attachments" value=""/>
         <property name="hostName" value="slk - WSLK1FFTRFW-15.SLKSOFT.COM"/>
         <property name="hostAddress" value="10.41.7.77"/>
         <property name="os" value="Windows 7 64bit"/>
         <property name="katalonVersion" value="5.5.0.1"/>
      </properties>
      <testcase name="Test Cases/LoginPage" classname="Test Cases/LoginPage" status="FAILED">
         <failure type="FAILED" message="Unable to open browser with url: '' (Root cause: org.openqa.selenium.SessionNotCreatedException: Unexpected error launching Internet Explorer. Browser zoom level was set to 155%. It should be set to 100%
Build info: version: '3.7.1', revision: '8a0099a', time: '2017-11-06T21:07:36.161Z'
System info: host: 'WSLK1FFTRFW-15', ip: '10.41.7.77', os.name: 'Windows 7', os.arch: 'amd64', os.version: '6.1', java.version: '1.8.0_102'
Driver info: driver.version: CInternetExplorerDriver
remote stacktrace: )"/>
         <system-out><![CDATA[2018-07-24 17:50:46 - [TEST_CASE][FAILED] - Test Cases/LoginPage: Test Cases/LoginPage FAILED because (of) Unable to open browser with url: '' (Root cause: org.openqa.selenium.SessionNotCreatedException: Unexpected error launching Internet Explorer. Browser zoom level was set to 155%. It should be set to 100%
Build info: version: '3.7.1', revision: '8a0099a', time: '2017-11-06T21:07:36.161Z'
System info: host: 'WSLK1FFTRFW-15', ip: '10.41.7.77', os.name: 'Windows 7', os.arch: 'amd64', os.version: '6.1', java.version: '1.8.0_102'
Driver info: driver.version: CInternetExplorerDriver
remote stacktrace: )

2018-07-24 17:50:46 - [TEST_STEP][FAILED] - openBrowser: Unable to open browser with url: '' (Root cause: org.openqa.selenium.SessionNotCreatedException: Unexpected error launching Internet Explorer. Browser zoom level was set to 155%. It should be set to 100%
Build info: version: '3.7.1', revision: '8a0099a', time: '2017-11-06T21:07:36.161Z'
System info: host: 'WSLK1FFTRFW-15', ip: '10.41.7.77', os.name: 'Windows 7', os.arch: 'amd64', os.version: '6.1', java.version: '1.8.0_102'
Driver info: driver.version: CInternetExplorerDriver
remote stacktrace: )

2018-07-24 17:50:50 - [MESSAGE][FAILED] - Unable to open browser with url: '' (Root cause: org.openqa.selenium.SessionNotCreatedException: Unexpected error launching Internet Explorer. Browser zoom level was set to 155%. It should be set to 100%
Build info: version: '3.7.1', revision: '8a0099a', time: '2017-11-06T21:07:36.161Z'
System info: host: 'WSLK1FFTRFW-15', ip: '10.41.7.77', os.name: 'Windows 7', os.arch: 'amd64', os.version: '6.1', java.version: '1.8.0_102'
Driver info: driver.version: CInternetExplorerDriver
remote stacktrace: )]]></system-out>
         <system-err><![CDATA[2018-07-24 17:50:46 - [TEST_CASE][FAILED] - Test Cases/LoginPage: Test Cases/LoginPage FAILED because (of) Unable to open browser with url: '' (Root cause: org.openqa.selenium.SessionNotCreatedException: Unexpected error launching Internet Explorer. Browser zoom level was set to 155%. It should be set to 100%
Build info: version: '3.7.1', revision: '8a0099a', time: '2017-11-06T21:07:36.161Z'
System info: host: 'WSLK1FFTRFW-15', ip: '10.41.7.77', os.name: 'Windows 7', os.arch: 'amd64', os.version: '6.1', java.version: '1.8.0_102'
Driver info: driver.version: CInternetExplorerDriver
remote stacktrace: )]]></system-err>
      </testcase>
      <testcase name="Test Cases/Homepage" classname="Test Cases/Homepage" status="FAILED">
         <failure type="FAILED" message="Unable to open browser with url: '' (Root cause: org.openqa.selenium.SessionNotCreatedException: Unexpected error launching Internet Explorer. Browser zoom level was set to 155%. It should be set to 100%
Build info: version: '3.7.1', revision: '8a0099a', time: '2017-11-06T21:07:36.161Z'
System info: host: 'WSLK1FFTRFW-15', ip: '10.41.7.77', os.name: 'Windows 7', os.arch: 'amd64', os.version: '6.1', java.version: '1.8.0_102'
Driver info: driver.version: CInternetExplorerDriver
remote stacktrace: )"/>
         <system-out><![CDATA[2018-07-24 17:50:50 - [TEST_CASE][FAILED] - Test Cases/Homepage: Test Cases/Homepage FAILED because (of) Unable to open browser with url: '' (Root cause: org.openqa.selenium.SessionNotCreatedException: Unexpected error launching Internet Explorer. Browser zoom level was set to 155%. It should be set to 100%
Build info: version: '3.7.1', revision: '8a0099a', time: '2017-11-06T21:07:36.161Z'
System info: host: 'WSLK1FFTRFW-15', ip: '10.41.7.77', os.name: 'Windows 7', os.arch: 'amd64', os.version: '6.1', java.version: '1.8.0_102'
Driver info: driver.version: CInternetExplorerDriver
remote stacktrace: )

2018-07-24 17:50:50 - [TEST_STEP][FAILED] - openBrowser: Unable to open browser with url: '' (Root cause: org.openqa.selenium.SessionNotCreatedException: Unexpected error launching Internet Explorer. Browser zoom level was set to 155%. It should be set to 100%
Build info: version: '3.7.1', revision: '8a0099a', time: '2017-11-06T21:07:36.161Z'
System info: host: 'WSLK1FFTRFW-15', ip: '10.41.7.77', os.name: 'Windows 7', os.arch: 'amd64', os.version: '6.1', java.version: '1.8.0_102'
Driver info: driver.version: CInternetExplorerDriver
remote stacktrace: )

2018-07-24 17:50:52 - [MESSAGE][FAILED] - Unable to open browser with url: '' (Root cause: org.openqa.selenium.SessionNotCreatedException: Unexpected error launching Internet Explorer. Browser zoom level was set to 155%. It should be set to 100%
Build info: version: '3.7.1', revision: '8a0099a', time: '2017-11-06T21:07:36.161Z'
System info: host: 'WSLK1FFTRFW-15', ip: '10.41.7.77', os.name: 'Windows 7', os.arch: 'amd64', os.version: '6.1', java.version: '1.8.0_102'
Driver info: driver.version: CInternetExplorerDriver
remote stacktrace: )]]></system-out>
         <system-err><![CDATA[2018-07-24 17:50:50 - [TEST_CASE][FAILED] - Test Cases/Homepage: Test Cases/Homepage FAILED because (of) Unable to open browser with url: '' (Root cause: org.openqa.selenium.SessionNotCreatedException: Unexpected error launching Internet Explorer. Browser zoom level was set to 155%. It should be set to 100%
Build info: version: '3.7.1', revision: '8a0099a', time: '2017-11-06T21:07:36.161Z'
System info: host: 'WSLK1FFTRFW-15', ip: '10.41.7.77', os.name: 'Windows 7', os.arch: 'amd64', os.version: '6.1', java.version: '1.8.0_102'
Driver info: driver.version: CInternetExplorerDriver
remote stacktrace: )]]></system-err>
      </testcase>
      <system-out><![CDATA[2018-07-24 17:50:45 - [TEST_SUITE][FAILED] - 1 st run: Test Cases/LoginPage FAILED because (of) Unable to open browser with url: '' (Root cause: org.openqa.selenium.SessionNotCreatedException: Unexpected error launching Internet Explorer. Browser zoom level was set to 155%. It should be set to 100%
Build info: version: '3.7.1', revision: '8a0099a', time: '2017-11-06T21:07:36.161Z'
System info: host: 'WSLK1FFTRFW-15', ip: '10.41.7.77', os.name: 'Windows 7', os.arch: 'amd64', os.version: '6.1', java.version: '1.8.0_102'
Driver info: driver.version: CInternetExplorerDriver
remote stacktrace: )]]></system-out>
      <system-err><![CDATA[2018-07-24 17:50:45 - [TEST_SUITE][FAILED] - 1 st run: Test Cases/LoginPage FAILED because (of) Unable to open browser with url: '' (Root cause: org.openqa.selenium.SessionNotCreatedException: Unexpected error launching Internet Explorer. Browser zoom level was set to 155%. It should be set to 100%
Build info: version: '3.7.1', revision: '8a0099a', time: '2017-11-06T21:07:36.161Z'
System info: host: 'WSLK1FFTRFW-15', ip: '10.41.7.77', os.name: 'Windows 7', os.arch: 'amd64', os.version: '6.1', java.version: '1.8.0_102'
Driver info: driver.version: CInternetExplorerDriver
remote stacktrace: )]]></system-err>
   </testsuite>
</testsuites>
