<?xml version="1.0" encoding="UTF-8"?>
<testsuites name="1 st run" time="36" tests="0" failures="2" errors="0">
   <testsuite name="1 st run" tests="0" failures="2" errors="0" time="36" timestamp="2018-07-24 17:50:45" hostname="slk - WSLK1FFTRFW-15.SLKSOFT.COM" id="Test Suites/1 st run">
      <properties>
         <property name="deviceName" value=""/>
         <property name="devicePlatform" value=""/>
         <property name="logFolder" value="C:\\Users\\slk.WSLK1FFTRFW-15.004\\Katalon Studio\\OrangeHRM\\Reports\\1 st run\\20180724_175041"/>
         <property name="logFiles" value="C:\\Users\\slk.WSLK1FFTRFW-15.004\\Katalon Studio\\OrangeHRM\\Reports\\1 st run\\20180724_175041\\execution0.log"/>
         <property name="attachments" value=""/>
         <property name="hostName" value="slk - WSLK1FFTRFW-15.SLKSOFT.COM"/>
         <property name="os" value="Windows 7 64bit"/>
         <property name="katalonVersion" value="5.5.0.1"/>
         <property name="browser" value="Firefox 57.0"/>
         <property name="hostAddress" value="10.41.7.77"/>
         <property name="sessionId" value="a4fc8fc6-392f-43b3-b5dd-609d2ab27ff7"/>
         <property name="seleniumVersion" value="3.7.1"/>
         <property name="proxyInformation" value="ProxyInformation{proxyOption=NO_PROXY, proxyServerType=HTTP, password=, proxyServerAddress=, proxyServerPort=0}"/>
         <property name="platform" value="Windows 7"/>
      </properties>
      <testcase name="Test Cases/LoginPage" classname="Test Cases/LoginPage" status="FAILED">
         <failure type="FAILED" message="Unable to click on object 'Object Repository/Page_OrangeHRM/a_Welcome Admin' (Root cause: org.openqa.selenium.WebDriverException: Failed to decode response from marionette
Build info: version: '3.7.1', revision: '8a0099a', time: '2017-11-06T21:07:36.161Z'
System info: host: 'WSLK1FFTRFW-15', ip: '10.41.7.77', os.name: 'Windows 7', os.arch: 'amd64', os.version: '6.1', java.version: '1.8.0_102'
Driver info: com.kms.katalon.core.webui.driver.firefox.CGeckoDriver
Capabilities {acceptInsecureCerts: true, browserName: firefox, browserVersion: 57.0.2, javascriptEnabled: true, moz:accessibilityChecks: false, moz:headless: false, moz:processID: 7240, moz:profile: C:\Users\slk.WSLK1FFTRFW-15..., moz:webdriverClick: false, pageLoadStrategy: normal, platform: XP, platformName: XP, platformVersion: 6.1, proxy: Proxy(direct), rotatable: false, timeouts: {implicit: 0, pageLoad: 300000, script: 30000}}
Session ID: a4fc8fc6-392f-43b3-b5dd-609d2ab27ff7
*** Element info: {Using=xpath, value=//a[@href = '#' and @id = 'welcome' and (text() = 'Welcome Admin' or . = 'Welcome Admin')]})"/>
         <system-out><![CDATA[2018-07-24 17:50:45 - [TEST_CASE][FAILED] - Test Cases/LoginPage: Test Cases/LoginPage FAILED because (of) Unable to click on object 'Object Repository/Page_OrangeHRM/a_Welcome Admin' (Root cause: org.openqa.selenium.WebDriverException: Failed to decode response from marionette
Build info: version: '3.7.1', revision: '8a0099a', time: '2017-11-06T21:07:36.161Z'
System info: host: 'WSLK1FFTRFW-15', ip: '10.41.7.77', os.name: 'Windows 7', os.arch: 'amd64', os.version: '6.1', java.version: '1.8.0_102'
Driver info: com.kms.katalon.core.webui.driver.firefox.CGeckoDriver
Capabilities {acceptInsecureCerts: true, browserName: firefox, browserVersion: 57.0.2, javascriptEnabled: true, moz:accessibilityChecks: false, moz:headless: false, moz:processID: 7240, moz:profile: C:\Users\slk.WSLK1FFTRFW-15..., moz:webdriverClick: false, pageLoadStrategy: normal, platform: XP, platformName: XP, platformVersion: 6.1, proxy: Proxy(direct), rotatable: false, timeouts: {implicit: 0, pageLoad: 300000, script: 30000}}
Session ID: a4fc8fc6-392f-43b3-b5dd-609d2ab27ff7
*** Element info: {Using=xpath, value=//a[@href = '#' and @id = 'welcome' and (text() = 'Welcome Admin' or . = 'Welcome Admin')]})

2018-07-24 17:50:46 - [TEST_STEP][PASSED] - openBrowser: Browser is opened with url: ''

2018-07-24 17:50:56 - [MESSAGE][PASSED] - Browser is opened with url: ''

2018-07-24 17:50:56 - [TEST_STEP][PASSED] - navigateToUrl: Navigate to 'https://opensource-demo.orangehrmlive.com/' successfully

2018-07-24 17:51:00 - [MESSAGE][PASSED] - Navigate to 'https://opensource-demo.orangehrmlive.com/' successfully

2018-07-24 17:51:00 - [TEST_STEP][PASSED] - click: Object: 'Object Repository/Page_OrangeHRM/span_Username' is clicked on

2018-07-24 17:51:01 - [MESSAGE][PASSED] - Object: 'Object Repository/Page_OrangeHRM/span_Username' is clicked on

2018-07-24 17:51:01 - [TEST_STEP][PASSED] - setText: Text 'Admin' is set on object 'Object Repository/Page_OrangeHRM/input_txtUsername'

2018-07-24 17:51:01 - [MESSAGE][PASSED] - Text 'Admin' is set on object 'Object Repository/Page_OrangeHRM/input_txtUsername'

2018-07-24 17:51:01 - [TEST_STEP][PASSED] - setEncryptedText: Text ****** has been set on object 'Object Repository/Page_OrangeHRM/input_txtPassword'

2018-07-24 17:51:01 - [MESSAGE][PASSED] - Text ****** has been set on object 'Object Repository/Page_OrangeHRM/input_txtPassword'

2018-07-24 17:51:01 - [TEST_STEP][PASSED] - click: Object: 'Object Repository/Page_OrangeHRM/input_Submit' is clicked on

2018-07-24 17:51:03 - [MESSAGE][PASSED] - Object: 'Object Repository/Page_OrangeHRM/input_Submit' is clicked on

2018-07-24 17:51:03 - [TEST_STEP][FAILED] - click: Unable to click on object 'Object Repository/Page_OrangeHRM/a_Welcome Admin' (Root cause: org.openqa.selenium.WebDriverException: Failed to decode response from marionette
Build info: version: '3.7.1', revision: '8a0099a', time: '2017-11-06T21:07:36.161Z'
System info: host: 'WSLK1FFTRFW-15', ip: '10.41.7.77', os.name: 'Windows 7', os.arch: 'amd64', os.version: '6.1', java.version: '1.8.0_102'
Driver info: com.kms.katalon.core.webui.driver.firefox.CGeckoDriver
Capabilities {acceptInsecureCerts: true, browserName: firefox, browserVersion: 57.0.2, javascriptEnabled: true, moz:accessibilityChecks: false, moz:headless: false, moz:processID: 7240, moz:profile: C:\Users\slk.WSLK1FFTRFW-15..., moz:webdriverClick: false, pageLoadStrategy: normal, platform: XP, platformName: XP, platformVersion: 6.1, proxy: Proxy(direct), rotatable: false, timeouts: {implicit: 0, pageLoad: 300000, script: 30000}}
Session ID: a4fc8fc6-392f-43b3-b5dd-609d2ab27ff7
*** Element info: {Using=xpath, value=//a[@href = '#' and @id = 'welcome' and (text() = 'Welcome Admin' or . = 'Welcome Admin')]})

2018-07-24 17:51:21 - [MESSAGE][WARNING] - Cannot take screenshot

2018-07-24 17:51:21 - [MESSAGE][FAILED] - Unable to click on object 'Object Repository/Page_OrangeHRM/a_Welcome Admin' (Root cause: org.openqa.selenium.WebDriverException: Failed to decode response from marionette
Build info: version: '3.7.1', revision: '8a0099a', time: '2017-11-06T21:07:36.161Z'
System info: host: 'WSLK1FFTRFW-15', ip: '10.41.7.77', os.name: 'Windows 7', os.arch: 'amd64', os.version: '6.1', java.version: '1.8.0_102'
Driver info: com.kms.katalon.core.webui.driver.firefox.CGeckoDriver
Capabilities {acceptInsecureCerts: true, browserName: firefox, browserVersion: 57.0.2, javascriptEnabled: true, moz:accessibilityChecks: false, moz:headless: false, moz:processID: 7240, moz:profile: C:\Users\slk.WSLK1FFTRFW-15..., moz:webdriverClick: false, pageLoadStrategy: normal, platform: XP, platformName: XP, platformVersion: 6.1, proxy: Proxy(direct), rotatable: false, timeouts: {implicit: 0, pageLoad: 300000, script: 30000}}
Session ID: a4fc8fc6-392f-43b3-b5dd-609d2ab27ff7
*** Element info: {Using=xpath, value=//a[@href = '#' and @id = 'welcome' and (text() = 'Welcome Admin' or . = 'Welcome Admin')]})]]></system-out>
         <system-err><![CDATA[2018-07-24 17:50:45 - [TEST_CASE][FAILED] - Test Cases/LoginPage: Test Cases/LoginPage FAILED because (of) Unable to click on object 'Object Repository/Page_OrangeHRM/a_Welcome Admin' (Root cause: org.openqa.selenium.WebDriverException: Failed to decode response from marionette
Build info: version: '3.7.1', revision: '8a0099a', time: '2017-11-06T21:07:36.161Z'
System info: host: 'WSLK1FFTRFW-15', ip: '10.41.7.77', os.name: 'Windows 7', os.arch: 'amd64', os.version: '6.1', java.version: '1.8.0_102'
Driver info: com.kms.katalon.core.webui.driver.firefox.CGeckoDriver
Capabilities {acceptInsecureCerts: true, browserName: firefox, browserVersion: 57.0.2, javascriptEnabled: true, moz:accessibilityChecks: false, moz:headless: false, moz:processID: 7240, moz:profile: C:\Users\slk.WSLK1FFTRFW-15..., moz:webdriverClick: false, pageLoadStrategy: normal, platform: XP, platformName: XP, platformVersion: 6.1, proxy: Proxy(direct), rotatable: false, timeouts: {implicit: 0, pageLoad: 300000, script: 30000}}
Session ID: a4fc8fc6-392f-43b3-b5dd-609d2ab27ff7
*** Element info: {Using=xpath, value=//a[@href = '#' and @id = 'welcome' and (text() = 'Welcome Admin' or . = 'Welcome Admin')]})]]></system-err>
      </testcase>
      <testcase name="Test Cases/Homepage" classname="Test Cases/Homepage" status="FAILED">
         <failure type="FAILED" message="Unable to open browser with url: '' (Root cause: org.openqa.selenium.SessionNotCreatedException: Tried to run command without establishing a connection
Build info: version: '3.7.1', revision: '8a0099a', time: '2017-11-06T21:07:36.161Z'
System info: host: 'WSLK1FFTRFW-15', ip: '10.41.7.77', os.name: 'Windows 7', os.arch: 'amd64', os.version: '6.1', java.version: '1.8.0_102'
Driver info: com.kms.katalon.core.webui.driver.firefox.CGeckoDriver
Capabilities {acceptInsecureCerts: true, browserName: firefox, browserVersion: 57.0.2, javascriptEnabled: true, moz:accessibilityChecks: false, moz:headless: false, moz:processID: 7240, moz:profile: C:\Users\slk.WSLK1FFTRFW-15..., moz:webdriverClick: false, pageLoadStrategy: normal, platform: XP, platformName: XP, platformVersion: 6.1, proxy: Proxy(direct), rotatable: false, timeouts: {implicit: 0, pageLoad: 300000, script: 30000}}
Session ID: a4fc8fc6-392f-43b3-b5dd-609d2ab27ff7)"/>
         <system-out><![CDATA[2018-07-24 17:51:21 - [TEST_CASE][FAILED] - Test Cases/Homepage: Test Cases/Homepage FAILED because (of) Unable to open browser with url: '' (Root cause: org.openqa.selenium.SessionNotCreatedException: Tried to run command without establishing a connection
Build info: version: '3.7.1', revision: '8a0099a', time: '2017-11-06T21:07:36.161Z'
System info: host: 'WSLK1FFTRFW-15', ip: '10.41.7.77', os.name: 'Windows 7', os.arch: 'amd64', os.version: '6.1', java.version: '1.8.0_102'
Driver info: com.kms.katalon.core.webui.driver.firefox.CGeckoDriver
Capabilities {acceptInsecureCerts: true, browserName: firefox, browserVersion: 57.0.2, javascriptEnabled: true, moz:accessibilityChecks: false, moz:headless: false, moz:processID: 7240, moz:profile: C:\Users\slk.WSLK1FFTRFW-15..., moz:webdriverClick: false, pageLoadStrategy: normal, platform: XP, platformName: XP, platformVersion: 6.1, proxy: Proxy(direct), rotatable: false, timeouts: {implicit: 0, pageLoad: 300000, script: 30000}}
Session ID: a4fc8fc6-392f-43b3-b5dd-609d2ab27ff7)

2018-07-24 17:51:21 - [TEST_STEP][FAILED] - openBrowser: Unable to open browser with url: '' (Root cause: org.openqa.selenium.SessionNotCreatedException: Tried to run command without establishing a connection
Build info: version: '3.7.1', revision: '8a0099a', time: '2017-11-06T21:07:36.161Z'
System info: host: 'WSLK1FFTRFW-15', ip: '10.41.7.77', os.name: 'Windows 7', os.arch: 'amd64', os.version: '6.1', java.version: '1.8.0_102'
Driver info: com.kms.katalon.core.webui.driver.firefox.CGeckoDriver
Capabilities {acceptInsecureCerts: true, browserName: firefox, browserVersion: 57.0.2, javascriptEnabled: true, moz:accessibilityChecks: false, moz:headless: false, moz:processID: 7240, moz:profile: C:\Users\slk.WSLK1FFTRFW-15..., moz:webdriverClick: false, pageLoadStrategy: normal, platform: XP, platformName: XP, platformVersion: 6.1, proxy: Proxy(direct), rotatable: false, timeouts: {implicit: 0, pageLoad: 300000, script: 30000}}
Session ID: a4fc8fc6-392f-43b3-b5dd-609d2ab27ff7)

2018-07-24 17:51:21 - [MESSAGE][WARNING] - A browser is already opened. Closing browser and opening a new one

2018-07-24 17:51:21 - [MESSAGE][FAILED] - Unable to open browser with url: '' (Root cause: org.openqa.selenium.SessionNotCreatedException: Tried to run command without establishing a connection
Build info: version: '3.7.1', revision: '8a0099a', time: '2017-11-06T21:07:36.161Z'
System info: host: 'WSLK1FFTRFW-15', ip: '10.41.7.77', os.name: 'Windows 7', os.arch: 'amd64', os.version: '6.1', java.version: '1.8.0_102'
Driver info: com.kms.katalon.core.webui.driver.firefox.CGeckoDriver
Capabilities {acceptInsecureCerts: true, browserName: firefox, browserVersion: 57.0.2, javascriptEnabled: true, moz:accessibilityChecks: false, moz:headless: false, moz:processID: 7240, moz:profile: C:\Users\slk.WSLK1FFTRFW-15..., moz:webdriverClick: false, pageLoadStrategy: normal, platform: XP, platformName: XP, platformVersion: 6.1, proxy: Proxy(direct), rotatable: false, timeouts: {implicit: 0, pageLoad: 300000, script: 30000}}
Session ID: a4fc8fc6-392f-43b3-b5dd-609d2ab27ff7)]]></system-out>
         <system-err><![CDATA[2018-07-24 17:51:21 - [TEST_CASE][FAILED] - Test Cases/Homepage: Test Cases/Homepage FAILED because (of) Unable to open browser with url: '' (Root cause: org.openqa.selenium.SessionNotCreatedException: Tried to run command without establishing a connection
Build info: version: '3.7.1', revision: '8a0099a', time: '2017-11-06T21:07:36.161Z'
System info: host: 'WSLK1FFTRFW-15', ip: '10.41.7.77', os.name: 'Windows 7', os.arch: 'amd64', os.version: '6.1', java.version: '1.8.0_102'
Driver info: com.kms.katalon.core.webui.driver.firefox.CGeckoDriver
Capabilities {acceptInsecureCerts: true, browserName: firefox, browserVersion: 57.0.2, javascriptEnabled: true, moz:accessibilityChecks: false, moz:headless: false, moz:processID: 7240, moz:profile: C:\Users\slk.WSLK1FFTRFW-15..., moz:webdriverClick: false, pageLoadStrategy: normal, platform: XP, platformName: XP, platformVersion: 6.1, proxy: Proxy(direct), rotatable: false, timeouts: {implicit: 0, pageLoad: 300000, script: 30000}}
Session ID: a4fc8fc6-392f-43b3-b5dd-609d2ab27ff7)]]></system-err>
      </testcase>
      <system-out><![CDATA[2018-07-24 17:50:45 - [TEST_SUITE][FAILED] - 1 st run: Test Cases/LoginPage FAILED because (of) Unable to click on object 'Object Repository/Page_OrangeHRM/a_Welcome Admin' (Root cause: org.openqa.selenium.WebDriverException: Failed to decode response from marionette
Build info: version: '3.7.1', revision: '8a0099a', time: '2017-11-06T21:07:36.161Z'
System info: host: 'WSLK1FFTRFW-15', ip: '10.41.7.77', os.name: 'Windows 7', os.arch: 'amd64', os.version: '6.1', java.version: '1.8.0_102'
Driver info: com.kms.katalon.core.webui.driver.firefox.CGeckoDriver
Capabilities {acceptInsecureCerts: true, browserName: firefox, browserVersion: 57.0.2, javascriptEnabled: true, moz:accessibilityChecks: false, moz:headless: false, moz:processID: 7240, moz:profile: C:\Users\slk.WSLK1FFTRFW-15..., moz:webdriverClick: false, pageLoadStrategy: normal, platform: XP, platformName: XP, platformVersion: 6.1, proxy: Proxy(direct), rotatable: false, timeouts: {implicit: 0, pageLoad: 300000, script: 30000}}
Session ID: a4fc8fc6-392f-43b3-b5dd-609d2ab27ff7
*** Element info: {Using=xpath, value=//a[@href = '#' and @id = 'welcome' and (text() = 'Welcome Admin' or . = 'Welcome Admin')]})]]></system-out>
      <system-err><![CDATA[2018-07-24 17:50:45 - [TEST_SUITE][FAILED] - 1 st run: Test Cases/LoginPage FAILED because (of) Unable to click on object 'Object Repository/Page_OrangeHRM/a_Welcome Admin' (Root cause: org.openqa.selenium.WebDriverException: Failed to decode response from marionette
Build info: version: '3.7.1', revision: '8a0099a', time: '2017-11-06T21:07:36.161Z'
System info: host: 'WSLK1FFTRFW-15', ip: '10.41.7.77', os.name: 'Windows 7', os.arch: 'amd64', os.version: '6.1', java.version: '1.8.0_102'
Driver info: com.kms.katalon.core.webui.driver.firefox.CGeckoDriver
Capabilities {acceptInsecureCerts: true, browserName: firefox, browserVersion: 57.0.2, javascriptEnabled: true, moz:accessibilityChecks: false, moz:headless: false, moz:processID: 7240, moz:profile: C:\Users\slk.WSLK1FFTRFW-15..., moz:webdriverClick: false, pageLoadStrategy: normal, platform: XP, platformName: XP, platformVersion: 6.1, proxy: Proxy(direct), rotatable: false, timeouts: {implicit: 0, pageLoad: 300000, script: 30000}}
Session ID: a4fc8fc6-392f-43b3-b5dd-609d2ab27ff7
*** Element info: {Using=xpath, value=//a[@href = '#' and @id = 'welcome' and (text() = 'Welcome Admin' or . = 'Welcome Admin')]})]]></system-err>
   </testsuite>
</testsuites>
