<?xml version="1.0" encoding="UTF-8"?>
<testsuites name="1 st run" time="47" tests="2" failures="0" errors="0">
   <testsuite name="1 st run" tests="2" failures="0" errors="0" time="47" timestamp="2018-07-24 15:28:57" hostname="slk - WSLK1FFTRFW-15.SLKSOFT.COM" id="Test Suites/1 st run">
      <properties>
         <property name="deviceName" value=""/>
         <property name="devicePlatform" value=""/>
         <property name="logFolder" value="C:\\Users\\slk.WSLK1FFTRFW-15.004\\Katalon Studio\\OrangeHRM\\Reports\\1 st run\\20180724_152853"/>
         <property name="logFiles" value="C:\\Users\\slk.WSLK1FFTRFW-15.004\\Katalon Studio\\OrangeHRM\\Reports\\1 st run\\20180724_152853\\execution0.log"/>
         <property name="attachments" value=""/>
         <property name="hostName" value="slk - WSLK1FFTRFW-15.SLKSOFT.COM"/>
         <property name="os" value="Windows 7 64bit"/>
         <property name="katalonVersion" value="5.5.0.1"/>
         <property name="browser" value="Firefox 57.0"/>
         <property name="hostAddress" value="10.41.7.77"/>
         <property name="sessionId" value="6a07bb16-1d4d-43d9-8f94-b32f36de6927"/>
         <property name="seleniumVersion" value="3.7.1"/>
         <property name="proxyInformation" value="ProxyInformation{proxyOption=NO_PROXY, proxyServerType=HTTP, password=, proxyServerAddress=, proxyServerPort=0}"/>
         <property name="platform" value="Windows 7"/>
      </properties>
      <testcase name="Test Cases/LoginPage" classname="Test Cases/LoginPage" status="PASSED">
         <system-out><![CDATA[2018-07-24 15:28:57 - [TEST_CASE][PASSED] - Test Cases/LoginPage: Test Cases/LoginPage

2018-07-24 15:28:58 - [TEST_STEP][PASSED] - openBrowser: Browser is opened with url: ''

2018-07-24 15:29:08 - [MESSAGE][PASSED] - Browser is opened with url: ''

2018-07-24 15:29:08 - [TEST_STEP][PASSED] - navigateToUrl: Navigate to 'https://opensource-demo.orangehrmlive.com/' successfully

2018-07-24 15:29:12 - [MESSAGE][PASSED] - Navigate to 'https://opensource-demo.orangehrmlive.com/' successfully

2018-07-24 15:29:12 - [TEST_STEP][PASSED] - click: Object: 'Object Repository/Page_OrangeHRM/span_Username' is clicked on

2018-07-24 15:29:13 - [MESSAGE][PASSED] - Object: 'Object Repository/Page_OrangeHRM/span_Username' is clicked on

2018-07-24 15:29:13 - [TEST_STEP][PASSED] - setText: Text 'Admin' is set on object 'Object Repository/Page_OrangeHRM/input_txtUsername'

2018-07-24 15:29:13 - [MESSAGE][PASSED] - Text 'Admin' is set on object 'Object Repository/Page_OrangeHRM/input_txtUsername'

2018-07-24 15:29:13 - [TEST_STEP][PASSED] - setEncryptedText: Text ****** has been set on object 'Object Repository/Page_OrangeHRM/input_txtPassword'

2018-07-24 15:29:13 - [MESSAGE][PASSED] - Text ****** has been set on object 'Object Repository/Page_OrangeHRM/input_txtPassword'

2018-07-24 15:29:13 - [TEST_STEP][PASSED] - click: Object: 'Object Repository/Page_OrangeHRM/input_Submit' is clicked on

2018-07-24 15:29:16 - [MESSAGE][PASSED] - Object: 'Object Repository/Page_OrangeHRM/input_Submit' is clicked on

2018-07-24 15:29:16 - [TEST_STEP][PASSED] - click: Object: 'Object Repository/Page_OrangeHRM/a_Welcome Admin' is clicked on

2018-07-24 15:29:16 - [MESSAGE][PASSED] - Object: 'Object Repository/Page_OrangeHRM/a_Welcome Admin' is clicked on]]></system-out>
         <system-err><![CDATA[]]></system-err>
      </testcase>
      <testcase name="Test Cases/Homepage" classname="Test Cases/Homepage" status="PASSED">
         <system-out><![CDATA[2018-07-24 15:29:16 - [TEST_CASE][PASSED] - Test Cases/Homepage: Test Cases/Homepage

2018-07-24 15:29:16 - [TEST_STEP][PASSED] - openBrowser: Browser is opened with url: ''

2018-07-24 15:29:16 - [MESSAGE][WARNING] - A browser is already opened. Closing browser and opening a new one

2018-07-24 15:29:21 - [MESSAGE][PASSED] - Browser is opened with url: ''

2018-07-24 15:29:21 - [TEST_STEP][PASSED] - navigateToUrl: Navigate to 'https://opensource-demo.orangehrmlive.com/' successfully

2018-07-24 15:29:26 - [MESSAGE][PASSED] - Navigate to 'https://opensource-demo.orangehrmlive.com/' successfully

2018-07-24 15:29:26 - [TEST_STEP][PASSED] - click: Object: 'Object Repository/Homepage/Page_OrangeHRM/span_Username' is clicked on

2018-07-24 15:29:26 - [MESSAGE][PASSED] - Object: 'Object Repository/Homepage/Page_OrangeHRM/span_Username' is clicked on

2018-07-24 15:29:26 - [TEST_STEP][PASSED] - callTestCase: Call Test Case 'Test Cases/LoginPage' successfully

2018-07-24 15:29:27 - [TEST_CASE][PASSED] - Test Cases/LoginPage: Test Cases/LoginPage

2018-07-24 15:29:27 - [TEST_STEP][PASSED] - openBrowser: Browser is opened with url: ''

2018-07-24 15:29:27 - [MESSAGE][WARNING] - A browser is already opened. Closing browser and opening a new one

2018-07-24 15:29:32 - [MESSAGE][PASSED] - Browser is opened with url: ''

2018-07-24 15:29:32 - [TEST_STEP][PASSED] - navigateToUrl: Navigate to 'https://opensource-demo.orangehrmlive.com/' successfully

2018-07-24 15:29:36 - [MESSAGE][PASSED] - Navigate to 'https://opensource-demo.orangehrmlive.com/' successfully

2018-07-24 15:29:36 - [TEST_STEP][PASSED] - click: Object: 'Object Repository/Page_OrangeHRM/span_Username' is clicked on

2018-07-24 15:29:36 - [MESSAGE][PASSED] - Object: 'Object Repository/Page_OrangeHRM/span_Username' is clicked on

2018-07-24 15:29:36 - [TEST_STEP][PASSED] - setText: Text 'Admin' is set on object 'Object Repository/Page_OrangeHRM/input_txtUsername'

2018-07-24 15:29:37 - [MESSAGE][PASSED] - Text 'Admin' is set on object 'Object Repository/Page_OrangeHRM/input_txtUsername'

2018-07-24 15:29:37 - [TEST_STEP][PASSED] - setEncryptedText: Text ****** has been set on object 'Object Repository/Page_OrangeHRM/input_txtPassword'

2018-07-24 15:29:37 - [MESSAGE][PASSED] - Text ****** has been set on object 'Object Repository/Page_OrangeHRM/input_txtPassword'

2018-07-24 15:29:37 - [TEST_STEP][PASSED] - click: Object: 'Object Repository/Page_OrangeHRM/input_Submit' is clicked on

2018-07-24 15:29:39 - [MESSAGE][PASSED] - Object: 'Object Repository/Page_OrangeHRM/input_Submit' is clicked on

2018-07-24 15:29:39 - [TEST_STEP][PASSED] - click: Object: 'Object Repository/Page_OrangeHRM/a_Welcome Admin' is clicked on

2018-07-24 15:29:40 - [MESSAGE][PASSED] - Object: 'Object Repository/Page_OrangeHRM/a_Welcome Admin' is clicked on

2018-07-24 15:29:40 - [MESSAGE][PASSED] - Call Test Case 'Test Cases/LoginPage' successfully

2018-07-24 15:29:40 - [TEST_STEP][PASSED] - click: Object: 'Object Repository/Homepage/Page_OrangeHRM/b_Admin' is clicked on

2018-07-24 15:29:40 - [MESSAGE][PASSED] - Object: 'Object Repository/Homepage/Page_OrangeHRM/b_Admin' is clicked on

2018-07-24 15:29:40 - [TEST_STEP][PASSED] - click: Object: 'Object Repository/Homepage/Page_OrangeHRM/b_PIM' is clicked on

2018-07-24 15:29:40 - [MESSAGE][PASSED] - Object: 'Object Repository/Homepage/Page_OrangeHRM/b_PIM' is clicked on

2018-07-24 15:29:40 - [TEST_STEP][PASSED] - click: Object: 'Object Repository/Homepage/Page_OrangeHRM/b_Leave' is clicked on

2018-07-24 15:29:40 - [MESSAGE][PASSED] - Object: 'Object Repository/Homepage/Page_OrangeHRM/b_Leave' is clicked on

2018-07-24 15:29:40 - [TEST_STEP][PASSED] - click: Object: 'Object Repository/Homepage/Page_OrangeHRM/b_Time' is clicked on

2018-07-24 15:29:41 - [MESSAGE][PASSED] - Object: 'Object Repository/Homepage/Page_OrangeHRM/b_Time' is clicked on

2018-07-24 15:29:41 - [TEST_STEP][PASSED] - click: Object: 'Object Repository/Homepage/Page_OrangeHRM/b_Recruitment' is clicked on

2018-07-24 15:29:41 - [MESSAGE][PASSED] - Object: 'Object Repository/Homepage/Page_OrangeHRM/b_Recruitment' is clicked on

2018-07-24 15:29:41 - [TEST_STEP][PASSED] - click: Object: 'Object Repository/Homepage/Page_OrangeHRM/b_Performance' is clicked on

2018-07-24 15:29:41 - [MESSAGE][PASSED] - Object: 'Object Repository/Homepage/Page_OrangeHRM/b_Performance' is clicked on

2018-07-24 15:29:41 - [TEST_STEP][PASSED] - click: Object: 'Object Repository/Homepage/Page_OrangeHRM/b_Dashboard' is clicked on

2018-07-24 15:29:42 - [MESSAGE][PASSED] - Object: 'Object Repository/Homepage/Page_OrangeHRM/b_Dashboard' is clicked on

2018-07-24 15:29:42 - [TEST_STEP][PASSED] - click: Object: 'Object Repository/Homepage/Page_OrangeHRM/b_Directory' is clicked on

2018-07-24 15:29:44 - [MESSAGE][PASSED] - Object: 'Object Repository/Homepage/Page_OrangeHRM/b_Directory' is clicked on

2018-07-24 15:29:44 - [TEST_STEP][PASSED] - click: Object: 'Object Repository/Homepage/Page_OrangeHRM/a_Welcome Admin' is clicked on

2018-07-24 15:29:44 - [MESSAGE][PASSED] - Object: 'Object Repository/Homepage/Page_OrangeHRM/a_Welcome Admin' is clicked on

2018-07-24 15:29:44 - [TEST_STEP][PASSED] - click: Object: 'Object Repository/Homepage/Page_OrangeHRM/a_Logout' is clicked on

2018-07-24 15:29:45 - [MESSAGE][PASSED] - Object: 'Object Repository/Homepage/Page_OrangeHRM/a_Logout' is clicked on

2018-07-24 15:29:45 - [TEST_STEP][PASSED] - closeBrowser: Browser is closed

2018-07-24 15:29:45 - [MESSAGE][PASSED] - Browser is closed]]></system-out>
         <system-err><![CDATA[]]></system-err>
      </testcase>
      <system-out><![CDATA[2018-07-24 15:28:57 - [TEST_SUITE][PASSED] - 1 st run: Test Cases/Homepage]]></system-out>
      <system-err><![CDATA[]]></system-err>
   </testsuite>
</testsuites>
